<?xml version="1.0" encoding="UTF-8"?>
<testsuite xmlns:xsi="http://www.w3.org/2001/XMLSchema-instance" xsi:noNamespaceSchemaLocation="https://maven.apache.org/surefire/maven-surefire-plugin/xsd/surefire-test-report.xsd" version="3.0.2" name="dev.bubblecraft.bubbledeathmessage.DeathMessageServiceTest" time="1.65" tests="3" errors="0" skipped="0" failures="0">
  <properties>
[...]
</properties>
  <testcase name="suppressVanillaClearsEventMessageWhenEnabled" classname="dev.bubblecraft.bubbledeathmessage.DeathMessageServiceTest" time="1.59">
    <system-err><![CDATA[SLF4J(W): No SLF4J providers were found.
SLF4J(W): Defaulting to no-operation (NOP) logger implementation
SLF4J(W): See https://www.slf4j.org/codes.html#noProviders for further details.
]]></system-err>
  </testcase>
  <testcase name="usesCauseOverrideWhenPresent" classname="dev.bubblecraft.bubbledeathmessage.DeathMessageServiceTest" time="0.031"/>
  <testcase name="usesDefaultWhenNoCauseOverride" classname="dev.bubblecraft.bubbledeathmessage.DeathMessageServiceTest" time="0.012"/>
</testsuite>